<?xml version="1.0" encoding="UTF-8"?>
<testng-results ignored="0" total="1" passed="1" failed="0" skipped="0">
  <reporter-output>
  </reporter-output>
  <suite started-at="2024-03-10T16:31:35 IST" name="Default suite" finished-at="2024-03-10T16:31:50 IST" duration-ms="14671">
    <groups>
    </groups>
    <test started-at="2024-03-10T16:31:35 IST" name="Default test" finished-at="2024-03-10T16:31:50 IST" duration-ms="14671">
      <class name="Runner.Facebooklogin">
        <test-method signature="loginFacebookAccoutvalidCredentials()[pri:1, instance:Runner.Facebooklogin@74e28667]" started-at="2024-03-10T16:31:35 IST" name="loginFacebookAccoutvalidCredentials" finished-at="2024-03-10T16:31:50 IST" duration-ms="14585" status="PASS">
          <reporter-output>
          </reporter-output>
        </test-method> <!-- loginFacebookAccoutvalidCredentials -->
      </class> <!-- Runner.Facebooklogin -->
    </test> <!-- Default test -->
  </suite> <!-- Default suite -->
</testng-results>
